<?xml version="1.0" encoding="UTF-8"?>
<testng-results skipped="0" failed="1" total="1" passed="0">
  <reporter-output>
  </reporter-output>
  <suite name="Default suite" duration-ms="60437" started-at="2016-03-22T16:30:44Z" finished-at="2016-03-22T16:31:45Z">
    <groups>
    </groups>
    <test name="Default test" duration-ms="60437" started-at="2016-03-22T16:30:44Z" finished-at="2016-03-22T16:31:45Z">
      <class name="com.TestSuite.IncomeChange_1Member">
        <test-method status="PASS" signature="bsateup()[pri:0, instance:com.TestSuite.IncomeChange_1Member@224aed64]" name="bsateup" is-config="true" duration-ms="7620" started-at="2016-03-22T12:30:44Z" finished-at="2016-03-22T12:30:52Z">
          <reporter-output>
          </reporter-output>
        </test-method> <!-- bsateup -->
        <test-method status="FAIL" signature="sample()[pri:0, instance:com.TestSuite.IncomeChange_1Member@224aed64]" name="sample" duration-ms="52790" started-at="2016-03-22T12:30:52Z" finished-at="2016-03-22T12:31:45Z">
          <exception class="java.lang.AssertionError">
            <message>
              <![CDATA[Unable to perform Mouse click on the By.xpath: (//*[@title='Evidence'])[6] element]]>
            </message>
            <full-stacktrace>
              <![CDATA[java.lang.AssertionError: Unable to perform Mouse click on the By.xpath: (//*[@title='Evidence'])[6] element
	at com.testng.Assert.fail(Assert.java:199)
	at com.selenium.SafeActions.safeMouseClick(SafeActions.java:100)
	at com.PageFunctions.CaseWorkerPageObjectsFunc_1Memeber.IncomeChange(CaseWorkerPageObjectsFunc_1Memeber.java:247)
	at com.TestSuite.IncomeChange_1Member.sample(IncomeChange_1Member.java:44)
	at sun.reflect.NativeMethodAccessorImpl.invoke0(Native Method)
	at sun.reflect.NativeMethodAccessorImpl.invoke(Unknown Source)
	at sun.reflect.DelegatingMethodAccessorImpl.invoke(Unknown Source)
	at java.lang.reflect.Method.invoke(Unknown Source)
	at org.testng.internal.MethodInvocationHelper.invokeMethod(MethodInvocationHelper.java:85)
	at org.testng.internal.Invoker.invokeMethod(Invoker.java:639)
	at org.testng.internal.Invoker.invokeTestMethod(Invoker.java:821)
	at org.testng.internal.Invoker.invokeTestMethods(Invoker.java:1131)
	at org.testng.internal.TestMethodWorker.invokeTestMethods(TestMethodWorker.java:124)
	at org.testng.internal.TestMethodWorker.run(TestMethodWorker.java:108)
	at org.testng.TestRunner.privateRun(TestRunner.java:773)
	at org.testng.TestRunner.run(TestRunner.java:623)
	at org.testng.SuiteRunner.runTest(SuiteRunner.java:357)
	at org.testng.SuiteRunner.runSequentially(SuiteRunner.java:352)
	at org.testng.SuiteRunner.privateRun(SuiteRunner.java:310)
	at org.testng.SuiteRunner.run(SuiteRunner.java:259)
	at org.testng.SuiteRunnerWorker.runSuite(SuiteRunnerWorker.java:52)
	at org.testng.SuiteRunnerWorker.run(SuiteRunnerWorker.java:86)
	at org.testng.TestNG.runSuitesSequentially(TestNG.java:1185)
	at org.testng.TestNG.runSuitesLocally(TestNG.java:1110)
	at org.testng.TestNG.run(TestNG.java:1018)
	at org.testng.remote.RemoteTestNG.run(RemoteTestNG.java:111)
	at org.testng.remote.RemoteTestNG.initAndRun(RemoteTestNG.java:204)
	at org.testng.remote.RemoteTestNG.main(RemoteTestNG.java:175)
]]>
            </full-stacktrace>
          </exception> <!-- java.lang.AssertionError -->
          <reporter-output>
          </reporter-output>
        </test-method> <!-- sample -->
        <test-method status="PASS" signature="afterMethod()[pri:0, instance:com.TestSuite.IncomeChange_1Member@224aed64]" name="afterMethod" is-config="true" duration-ms="0" started-at="2016-03-22T12:31:45Z" finished-at="2016-03-22T12:31:45Z">
          <reporter-output>
          </reporter-output>
        </test-method> <!-- afterMethod -->
      </class> <!-- com.TestSuite.IncomeChange_1Member -->
    </test> <!-- Default test -->
  </suite> <!-- Default suite -->
</testng-results>
