<?xml version="1.0" encoding="UTF-8"?>
<!-- Generated by org.testng.reporters.JUnitReportReporter -->
<testsuite hostname="Naresh" name="com.TestSuite.AddressChange" tests="1" failures="1" timestamp="22 Feb 2016 16:22:25 GMT" time="37.855" errors="0">
  <testcase name="sample" time="37.855" classname="com.TestSuite.AddressChange">
    <failure type="java.lang.AssertionError" message="Element By.xpath: //*[contains(@title,&#039;Content Panel - Home&#039;)] is not displayed
com.selenium.Sync.isElementPresent(Sync.java:260)
com.selenium.SafeActions.selectFrame(SafeActions.java:338)
com.PageFunctions.CaseWorkerPageObjectsFunc_1Memeber.AddressChange(CaseWorkerPageObjectsFunc_1Memeber.java:32)
com.TestSuite.AddressChange.sample(AddressChange.java:44)
sun.reflect.NativeMethodAccessorImpl.invoke0(Native Method)
sun.reflect.NativeMethodAccessorImpl.invoke(Unknown Source)
sun.reflect.DelegatingMethodAccessorImpl.invoke(Unknown Source)
java.lang.reflect.Method.invoke(Unknown Source)
org.testng.internal.MethodInvocationHelper.invokeMethod(MethodInvocationHelper.java:85)
org.testng.internal.Invoker.invokeMethod(Invoker.java:639)
org.testng.internal.Invoker.invokeTestMethod(Invoker.java:821)
org.testng.internal.Invoker.invokeTestMethods(Invoker.java:1131)
org.testng.internal.TestMethodWorker.invokeTestMethods(TestMethodWorker.java:124)
org.testng.internal.TestMethodWorker.run(TestMethodWorker.java:108)
org.testng.TestRunner.privateRun(TestRunner.java:773)
org.testng.TestRunner.run(TestRunner.java:623)
org.testng.SuiteRunner.runTest(SuiteRunner.java:357)
org.testng.SuiteRunner.runSequentially(SuiteRunner.java:352)
org.testng.SuiteRunner.privateRun(SuiteRunner.java:310)
org.testng.SuiteRunner.run(SuiteRunner.java:259)
org.testng.SuiteRunnerWorker.runSuite(SuiteRunnerWorker.java:52)
org.testng.SuiteRunnerWorker.run(SuiteRunnerWorker.java:86)
org.testng.TestNG.runSuitesSequentially(TestNG.java:1185)
org.testng.TestNG.runSuitesLocally(TestNG.java:1110)
org.testng.TestNG.run(TestNG.java:1018)
org.testng.remote.RemoteTestNG.run(RemoteTestNG.java:111)
org.testng.remote.RemoteTestNG.initAndRun(RemoteTestNG.java:204)
org.testng.remote.RemoteTestNG.main(RemoteTestNG.java:175)">
      <![CDATA[java.lang.AssertionError: Element By.xpath: //*[contains(@title,'Content Panel - Home')] is not displayed
com.selenium.Sync.isElementPresent(Sync.java:260)
com.selenium.SafeActions.selectFrame(SafeActions.java:338)
com.PageFunctions.CaseWorkerPageObjectsFunc_1Memeber.AddressChange(CaseWorkerPageObjectsFunc_1Memeber.java:32)
com.TestSuite.AddressChange.sample(AddressChange.java:44)
sun.reflect.NativeMethodAccessorImpl.invoke0(Native Method)
sun.reflect.NativeMethodAccessorImpl.invoke(Unknown Source)
sun.reflect.DelegatingMethodAccessorImpl.invoke(Unknown Source)
java.lang.reflect.Method.invoke(Unknown Source)
org.testng.internal.MethodInvocationHelper.invokeMethod(MethodInvocationHelper.java:85)
org.testng.internal.Invoker.invokeMethod(Invoker.java:639)
org.testng.internal.Invoker.invokeTestMethod(Invoker.java:821)
org.testng.internal.Invoker.invokeTestMethods(Invoker.java:1131)
org.testng.internal.TestMethodWorker.invokeTestMethods(TestMethodWorker.java:124)
org.testng.internal.TestMethodWorker.run(TestMethodWorker.java:108)
org.testng.TestRunner.privateRun(TestRunner.java:773)
org.testng.TestRunner.run(TestRunner.java:623)
org.testng.SuiteRunner.runTest(SuiteRunner.java:357)
org.testng.SuiteRunner.runSequentially(SuiteRunner.java:352)
org.testng.SuiteRunner.privateRun(SuiteRunner.java:310)
org.testng.SuiteRunner.run(SuiteRunner.java:259)
org.testng.SuiteRunnerWorker.runSuite(SuiteRunnerWorker.java:52)
org.testng.SuiteRunnerWorker.run(SuiteRunnerWorker.java:86)
org.testng.TestNG.runSuitesSequentially(TestNG.java:1185)
org.testng.TestNG.runSuitesLocally(TestNG.java:1110)
org.testng.TestNG.run(TestNG.java:1018)
org.testng.remote.RemoteTestNG.run(RemoteTestNG.java:111)
org.testng.remote.RemoteTestNG.initAndRun(RemoteTestNG.java:204)
org.testng.remote.RemoteTestNG.main(RemoteTestNG.java:175)
	at com.testng.Assert.fail(Assert.java:199)
	at com.selenium.Sync.isElementPresent(Sync.java:260)
	at com.selenium.SafeActions.selectFrame(SafeActions.java:338)
	at com.PageFunctions.CaseWorkerPageObjectsFunc_1Memeber.AddressChange(CaseWorkerPageObjectsFunc_1Memeber.java:32)
	at com.TestSuite.AddressChange.sample(AddressChange.java:44)
	at sun.reflect.NativeMethodAccessorImpl.invoke0(Native Method)
	at sun.reflect.NativeMethodAccessorImpl.invoke(Unknown Source)
	at sun.reflect.DelegatingMethodAccessorImpl.invoke(Unknown Source)
	at java.lang.reflect.Method.invoke(Unknown Source)
	at org.testng.internal.MethodInvocationHelper.invokeMethod(MethodInvocationHelper.java:85)
	at org.testng.internal.Invoker.invokeMethod(Invoker.java:639)
	at org.testng.internal.Invoker.invokeTestMethod(Invoker.java:821)
	at org.testng.internal.Invoker.invokeTestMethods(Invoker.java:1131)
	at org.testng.internal.TestMethodWorker.invokeTestMethods(TestMethodWorker.java:124)
	at org.testng.internal.TestMethodWorker.run(TestMethodWorker.java:108)
	at org.testng.TestRunner.privateRun(TestRunner.java:773)
	at org.testng.TestRunner.run(TestRunner.java:623)
	at org.testng.SuiteRunner.runTest(SuiteRunner.java:357)
	at org.testng.SuiteRunner.runSequentially(SuiteRunner.java:352)
	at org.testng.SuiteRunner.privateRun(SuiteRunner.java:310)
	at org.testng.SuiteRunner.run(SuiteRunner.java:259)
	at org.testng.SuiteRunnerWorker.runSuite(SuiteRunnerWorker.java:52)
	at org.testng.SuiteRunnerWorker.run(SuiteRunnerWorker.java:86)
	at org.testng.TestNG.runSuitesSequentially(TestNG.java:1185)
	at org.testng.TestNG.runSuitesLocally(TestNG.java:1110)
	at org.testng.TestNG.run(TestNG.java:1018)
	at org.testng.remote.RemoteTestNG.run(RemoteTestNG.java:111)
	at org.testng.remote.RemoteTestNG.initAndRun(RemoteTestNG.java:204)
	at org.testng.remote.RemoteTestNG.main(RemoteTestNG.java:175)
]]>
    </failure>
  </testcase> <!-- sample -->
</testsuite> <!-- com.TestSuite.AddressChange -->
